  main.cpp
C:\Users\Regression\Desktop\开发学习\HospSystem\main.cpp(60,1): warning C4996:  'scanf': This function or variable may be unsafe. Consider using scanf_s instead. To disable deprecation, use _CRT_SECURE_NO_WARNINGS. See online help for details.
C:\Program Files (x86)\Windows Kits\10\Include\10.0.17763.0\ucrt\stdio.h(1274): message :  参见“scanf”的声明
C:\Users\Regression\Desktop\开发学习\HospSystem\main.cpp(89,1): warning C4996:  'fscanf': This function or variable may be unsafe. Consider using fscanf_s instead. To disable deprecation, use _CRT_SECURE_NO_WARNINGS. See online help for details.
C:\Program Files (x86)\Windows Kits\10\Include\10.0.17763.0\ucrt\stdio.h(1197): message :  参见“fscanf”的声明
C:\Users\Regression\Desktop\开发学习\HospSystem\main.cpp(90,1): warning C4996:  'fscanf': This function or variable may be unsafe. Consider using fscanf_s instead. To disable deprecation, use _CRT_SECURE_NO_WARNINGS. See online help for details.
C:\Program Files (x86)\Windows Kits\10\Include\10.0.17763.0\ucrt\stdio.h(1197): message :  参见“fscanf”的声明
C:\Users\Regression\Desktop\开发学习\HospSystem\main.cpp(91,1): warning C4996:  'fscanf': This function or variable may be unsafe. Consider using fscanf_s instead. To disable deprecation, use _CRT_SECURE_NO_WARNINGS. See online help for details.
C:\Program Files (x86)\Windows Kits\10\Include\10.0.17763.0\ucrt\stdio.h(1197): message :  参见“fscanf”的声明
C:\Users\Regression\Desktop\开发学习\HospSystem\main.cpp(92,1): warning C4996:  'fscanf': This function or variable may be unsafe. Consider using fscanf_s instead. To disable deprecation, use _CRT_SECURE_NO_WARNINGS. See online help for details.
C:\Program Files (x86)\Windows Kits\10\Include\10.0.17763.0\ucrt\stdio.h(1197): message :  参见“fscanf”的声明
C:\Users\Regression\Desktop\开发学习\HospSystem\main.cpp(93,1): warning C4996:  'fscanf': This function or variable may be unsafe. Consider using fscanf_s instead. To disable deprecation, use _CRT_SECURE_NO_WARNINGS. See online help for details.
C:\Program Files (x86)\Windows Kits\10\Include\10.0.17763.0\ucrt\stdio.h(1197): message :  参见“fscanf”的声明
C:\Users\Regression\Desktop\开发学习\HospSystem\main.cpp(94,1): warning C4996:  'fscanf': This function or variable may be unsafe. Consider using fscanf_s instead. To disable deprecation, use _CRT_SECURE_NO_WARNINGS. See online help for details.
C:\Program Files (x86)\Windows Kits\10\Include\10.0.17763.0\ucrt\stdio.h(1197): message :  参见“fscanf”的声明
C:\Users\Regression\Desktop\开发学习\HospSystem\main.cpp(153,1): warning C4996:  'scanf': This function or variable may be unsafe. Consider using scanf_s instead. To disable deprecation, use _CRT_SECURE_NO_WARNINGS. See online help for details.
C:\Program Files (x86)\Windows Kits\10\Include\10.0.17763.0\ucrt\stdio.h(1274): message :  参见“scanf”的声明
C:\Users\Regression\Desktop\开发学习\HospSystem\main.cpp(164,1): warning C4996:  'scanf': This function or variable may be unsafe. Consider using scanf_s instead. To disable deprecation, use _CRT_SECURE_NO_WARNINGS. See online help for details.
C:\Program Files (x86)\Windows Kits\10\Include\10.0.17763.0\ucrt\stdio.h(1274): message :  参见“scanf”的声明
C:\Users\Regression\Desktop\开发学习\HospSystem\main.cpp(189,1): warning C4996:  'scanf': This function or variable may be unsafe. Consider using scanf_s instead. To disable deprecation, use _CRT_SECURE_NO_WARNINGS. See online help for details.
C:\Program Files (x86)\Windows Kits\10\Include\10.0.17763.0\ucrt\stdio.h(1274): message :  参见“scanf”的声明
C:\Users\Regression\Desktop\开发学习\HospSystem\main.cpp(193,1): warning C4996:  'scanf': This function or variable may be unsafe. Consider using scanf_s instead. To disable deprecation, use _CRT_SECURE_NO_WARNINGS. See online help for details.
C:\Program Files (x86)\Windows Kits\10\Include\10.0.17763.0\ucrt\stdio.h(1274): message :  参见“scanf”的声明
C:\Users\Regression\Desktop\开发学习\HospSystem\main.cpp(213,1): warning C4996:  'scanf': This function or variable may be unsafe. Consider using scanf_s instead. To disable deprecation, use _CRT_SECURE_NO_WARNINGS. See online help for details.
C:\Program Files (x86)\Windows Kits\10\Include\10.0.17763.0\ucrt\stdio.h(1274): message :  参见“scanf”的声明
C:\Users\Regression\Desktop\开发学习\HospSystem\main.cpp(235,1): warning C4996:  'scanf': This function or variable may be unsafe. Consider using scanf_s instead. To disable deprecation, use _CRT_SECURE_NO_WARNINGS. See online help for details.
C:\Program Files (x86)\Windows Kits\10\Include\10.0.17763.0\ucrt\stdio.h(1274): message :  参见“scanf”的声明
C:\Users\Regression\Desktop\开发学习\HospSystem\main.cpp(251,1): warning C4996:  'strcpy': This function or variable may be unsafe. Consider using strcpy_s instead. To disable deprecation, use _CRT_SECURE_NO_WARNINGS. See online help for details.
C:\Program Files (x86)\Windows Kits\10\Include\10.0.17763.0\ucrt\string.h(133): message :  参见“strcpy”的声明
C:\Users\Regression\Desktop\开发学习\HospSystem\main.cpp(252,1): warning C4996:  'strcpy': This function or variable may be unsafe. Consider using strcpy_s instead. To disable deprecation, use _CRT_SECURE_NO_WARNINGS. See online help for details.
C:\Program Files (x86)\Windows Kits\10\Include\10.0.17763.0\ucrt\string.h(133): message :  参见“strcpy”的声明
C:\Users\Regression\Desktop\开发学习\HospSystem\main.cpp(253,1): warning C4996:  'strcpy': This function or variable may be unsafe. Consider using strcpy_s instead. To disable deprecation, use _CRT_SECURE_NO_WARNINGS. See online help for details.
C:\Program Files (x86)\Windows Kits\10\Include\10.0.17763.0\ucrt\string.h(133): message :  参见“strcpy”的声明
C:\Users\Regression\Desktop\开发学习\HospSystem\main.cpp(301,9): warning C4477:  “scanf”: 格式字符串“%d”需要类型“int *”的参数，但可变参数 1 拥有了类型“char (*)[8]”
C:\Users\Regression\Desktop\开发学习\HospSystem\main.cpp(301,9): message :  请考虑在格式字符串中使用“%hhd”
C:\Users\Regression\Desktop\开发学习\HospSystem\main.cpp(287,1): warning C4996:  'scanf': This function or variable may be unsafe. Consider using scanf_s instead. To disable deprecation, use _CRT_SECURE_NO_WARNINGS. See online help for details.
C:\Program Files (x86)\Windows Kits\10\Include\10.0.17763.0\ucrt\stdio.h(1274): message :  参见“scanf”的声明
C:\Users\Regression\Desktop\开发学习\HospSystem\main.cpp(301,1): warning C4996:  'scanf': This function or variable may be unsafe. Consider using scanf_s instead. To disable deprecation, use _CRT_SECURE_NO_WARNINGS. See online help for details.
C:\Program Files (x86)\Windows Kits\10\Include\10.0.17763.0\ucrt\stdio.h(1274): message :  参见“scanf”的声明
C:\Users\Regression\Desktop\开发学习\HospSystem\main.cpp(307,1): warning C4996:  'scanf': This function or variable may be unsafe. Consider using scanf_s instead. To disable deprecation, use _CRT_SECURE_NO_WARNINGS. See online help for details.
C:\Program Files (x86)\Windows Kits\10\Include\10.0.17763.0\ucrt\stdio.h(1274): message :  参见“scanf”的声明
C:\Users\Regression\Desktop\开发学习\HospSystem\main.cpp(338,1): warning C4996:  'scanf': This function or variable may be unsafe. Consider using scanf_s instead. To disable deprecation, use _CRT_SECURE_NO_WARNINGS. See online help for details.
C:\Program Files (x86)\Windows Kits\10\Include\10.0.17763.0\ucrt\stdio.h(1274): message :  参见“scanf”的声明
  HospSystem.vcxproj -> C:\Users\Regression\Desktop\开发学习\HospSystem\Debug\HospSystem.exe
